CPP     xbmc/cores/DllLoader/exports/util/EmuFileWrapper.o
CPP     xbmc/cores/DllLoader/exports/emu_dummy.o
CPP     xbmc/cores/DllLoader/coff.o
CPP     xbmc/cores/DllLoader/exports/emu_kernel32.o
AR      xbmc/cores/DllLoader/exports/util/exports_utils.a
CPP     lib/SlingboxLib/SlingboxLib.o
SlingboxLib.cpp: In member function 'bool CSlingbox::Connect(bool, const char*)':
SlingboxLib.cpp:168:5: warning: deprecated conversion from string constant to 'char*' [-Wwrite-strings]
CPP     xbmc/cores/DllLoader/dll.o
AR      lib/SlingboxLib/SlingboxLib.a
CC      lib/libRTV/crypt.o
CPP     xbmc/cores/DllLoader/exports/emu_msvcrt.o
CC      lib/libRTV/guideclient.o
CPP     lib/libRTV/GuideParser.o
CPP     xbmc/cores/DllLoader/DllLoader.o
CC      lib/libRTV/httpclient.o
CC      lib/libRTV/httpfsclient.o
CC      lib/libRTV/interface.o
CC      lib/libRTV/md5.o
CC      lib/libRTV/netclient.o
CPP     xbmc/cores/DllLoader/DllLoaderContainer.o
CC      lib/libRTV/rtv.o
CC      lib/libRTV/sleep.o
AR      lib/libRTV/librtv.a
CC      lib/libXDAAP/daap.o
CC      lib/libXDAAP/debug.o
CC      lib/libXDAAP/dmap_generics.o
CPP     xbmc/cores/DllLoader/dll_tracker.o
CC      lib/libXDAAP/global.o
CC      lib/libXDAAP/httpClient.o
AR      xbmc/cores/DllLoader/exports/exports.a
CC      lib/libhts/htsmsg.o
CPP     xbmc/cores/DllLoader/dll_tracker_file.o
CC      lib/libhts/htsmsg_binary.o
CC      lib/libXDAAP/ioloop.o
CC      lib/libXDAAP/libXDAAP.o
CC      lib/libhts/htsbuf.o
libXDAAP.c: In function 'DAAP_ClientHost_AsyncGetAudioFile':
libXDAAP.c:1678:33: warning: passing argument 1 of 'CP_ThreadPool_QueueWorkItem' from incompatible pointer type [enabled by default]
In file included from libXDAAP.c:62:0:
threadpool.h:48:6: note: expected 'struct CP_SThreadPool *' but argument is of type 'struct CP_SThreadPool *'
libXDAAP.c: In function 'DAAP_ClientHost_AsyncWaitUpdate':
libXDAAP.c:1833:37: warning: passing argument 1 of 'CP_ThreadPool_QueueWorkItem' from incompatible pointer type [enabled by default]
In file included from libXDAAP.c:62:0:
threadpool.h:48:6: note: expected 'struct CP_SThreadPool *' but argument is of type 'struct CP_SThreadPool *'
libXDAAP.c:1846:33: warning: passing argument 1 of 'CP_ThreadPool_QueueWorkItem' from incompatible pointer type [enabled by default]
In file included from libXDAAP.c:62:0:
threadpool.h:48:6: note: expected 'struct CP_SThreadPool *' but argument is of type 'struct CP_SThreadPool *'
CC      lib/libhts/htsstr.o
CC      lib/libhts/net_posix.o
CPP     xbmc/cores/DllLoader/dll_tracker_library.o
CC      lib/libhts/sha1.o
CC      lib/libXDAAP/threadpool.o
CPP     xbmc/cores/DllLoader/dll_util.o
CC      lib/libXDAAP/Authentication/hasher.o
AR      lib/libhts/libhts.a
CPP     lib/libsquish/alpha.o
CC      lib/libXDAAP/Authentication/md5.o
CPP     xbmc/cores/DllLoader/LibraryLoader.o
AR      lib/libXDAAP/libxdaap.a
CC      lib/xbmc-dll-symbols/DllAvFormat.o
AR      lib/xbmc-dll-symbols/dll-symbols.a
CPP     xbmc/addons/Addon.o
CPP     lib/libsquish/clusterfit.o
CPP     xbmc/cores/DllLoader/SoLoader.o
CPP     lib/libsquish/colourblock.o
CC      xbmc/cores/DllLoader/mmap_anon.o
CC      xbmc/cores/DllLoader/ldt_keeper.o
AR      xbmc/cores/DllLoader/dllloader.a
CPP     xbmc/cdrip/CDDARipJob.o
CPP     lib/libsquish/colourfit.o
CPP     lib/libsquish/colourset.o
CPP     lib/libsquish/maths.o
CPP     lib/libsquish/rangefit.o
CPP     lib/libsquish/singlecolourfit.o
CPP     lib/libsquish/squish.o
AR      lib/libsquish/libsquish.a
CPP     xbmc/cores/AudioEngine/AEFactory.o
CPP     xbmc/cdrip/CDDARipper.o
CPP     xbmc/addons/AddonCallbacks.o
CPP     xbmc/addons/AddonCallbacksAddon.o
CPP     xbmc/cores/AudioEngine/AESinkFactory.o
CPP     xbmc/cdrip/Encoder.o
CPP     xbmc/cdrip/EncoderFFmpeg.o
CPP     xbmc/addons/AddonCallbacksCodec.o
CPP     xbmc/cores/AudioEngine/Sinks/AESinkNULL.o
CPP     xbmc/cores/AudioEngine/Sinks/AESinkProfiler.o
CPP     xbmc/cdrip/EncoderFlac.o
CPP     xbmc/cores/AudioEngine/Engines/ActiveAE/ActiveAE.o
CPP     xbmc/addons/AddonCallbacksGUI.o
CPP     xbmc/cdrip/EncoderWav.o
CPP     xbmc/cdrip/EncoderLame.o
CPP     xbmc/cdrip/EncoderVorbis.o
AR      xbmc/cdrip/cdrip.a
CPP     xbmc/cores/ExternalPlayer/ExternalPlayer.o
CPP     xbmc/addons/AddonCallbacksPVR.o
CPP     xbmc/cores/AudioEngine/Engines/ActiveAE/ActiveAESink.o
AR      xbmc/cores/ExternalPlayer/ExternalPlayer.a
CPP     xbmc/cores/VideoRenderers/BaseRenderer.o
CPP     xbmc/addons/AddonDatabase.o
CPP     xbmc/cores/AudioEngine/Engines/ActiveAE/ActiveAEStream.o
CPP     xbmc/cores/VideoRenderers/OverlayRenderer.o
CPP     xbmc/cores/AudioEngine/Engines/ActiveAE/ActiveAESound.o
CPP     xbmc/addons/AddonInstaller.o
CPP     xbmc/cores/AudioEngine/Engines/ActiveAE/ActiveAEResample.o
CPP     xbmc/cores/VideoRenderers/OverlayRendererUtil.o
CPP     xbmc/cores/AudioEngine/Engines/ActiveAE/ActiveAEBuffer.o
CPP     xbmc/cores/VideoRenderers/RenderCapture.o
CPP     xbmc/cores/AudioEngine/Engines/PiAudio/PiAudioAE.o
CPP     xbmc/cores/VideoRenderers/RenderManager.o
CPP     xbmc/cores/AudioEngine/Sinks/AESinkALSA.o
CPP     xbmc/addons/AddonManager.o
CPP     xbmc/cores/AudioEngine/Sinks/AESinkOSS.o
CPP     xbmc/cores/AudioEngine/Utils/AEChannelInfo.o
CPP     xbmc/cores/VideoRenderers/RenderFlags.o
CPP     xbmc/cores/AudioEngine/Utils/AEBuffer.o
CPP     xbmc/cores/AudioEngine/Utils/AEConvert.o
CPP     xbmc/cores/VideoRenderers/LinuxRendererGLES.o
CPP     xbmc/cores/AudioEngine/Utils/AERemap.o
CPP     xbmc/cores/AudioEngine/Utils/AEUtil.o
CPP     xbmc/cores/AudioEngine/Utils/AEStreamInfo.o
CPP     xbmc/cores/VideoRenderers/OverlayRendererGL.o
CPP     xbmc/cores/AudioEngine/Utils/AEPackIEC61937.o
CPP     xbmc/cores/AudioEngine/Utils/AEBitstreamPacker.o
CPP     xbmc/addons/AddonStatusHandler.o
CPP     xbmc/cores/AudioEngine/Utils/AEWAVLoader.o
CC      xbmc/cores/VideoRenderers/yuv2rgb.neon.o
AR      xbmc/cores/VideoRenderers/VideoRenderer.a
CPP     xbmc/cores/VideoRenderers/VideoShaders/YUV2RGBShader.o
CPP     xbmc/cores/AudioEngine/Utils/AEELDParser.o
CPP     xbmc/addons/AddonVersion.o
CPP     xbmc/cores/AudioEngine/Utils/AEDeviceInfo.o
CPP     xbmc/cores/AudioEngine/Utils/AELimiter.o
CPP     xbmc/cores/VideoRenderers/VideoShaders/VideoFilterShader.o
CPP     xbmc/addons/GUIDialogAddonInfo.o
CPP     xbmc/cores/AudioEngine/Encoders/AEEncoderFFmpeg.o
CPP     xbmc/cores/VideoRenderers/VideoShaders/ConvolutionKernels.o
AR      xbmc/cores/VideoRenderers/VideoShaders/VideoShaders.a
CPP     xbmc/cores/DummyVideoPlayer.o
AR      xbmc/cores/AudioEngine/audioengine.a
CPP     xbmc/cores/playercorefactory/PlayerCoreFactory.o
AR      xbmc/cores/cores.a
CPP     xbmc/dbwrappers/Database.o
CPP     xbmc/addons/GUIDialogAddonSettings.o
CPP     xbmc/cores/playercorefactory/PlayerSelectionRule.o
CPP     xbmc/dbwrappers/DatabaseQuery.o
AR      xbmc/cores/playercorefactory/playercorefactory.a
CPP     xbmc/dialogs/GUIDialogBoxBase.o
CPP     xbmc/dialogs/GUIDialogBusy.o
CPP     xbmc/dbwrappers/dataset.o
CPP     xbmc/dialogs/GUIDialogButtonMenu.o
CPP     xbmc/addons/GUIViewStateAddonBrowser.o
CPP     xbmc/dialogs/GUIDialogCache.o
CPP     xbmc/dbwrappers/mysqldataset.o
CPP     xbmc/dialogs/GUIDialogContextMenu.o
CPP     xbmc/addons/GUIWindowAddonBrowser.o
CPP     xbmc/dbwrappers/qry_dat.o
CPP     xbmc/addons/PluginSource.o
CPP     xbmc/dialogs/GUIDialogExtendedProgressBar.o
CPP     xbmc/dbwrappers/sqlitedataset.o
CPP     xbmc/dialogs/GUIDialogFavourites.o
CPP     xbmc/addons/Repository.o
AR      xbmc/dbwrappers/dbwrappers.a
CPP     xbmc/epg/EpgInfoTag.o
CPP     xbmc/dialogs/GUIDialogFileBrowser.o
CPP     xbmc/epg/EpgSearchFilter.o
CPP     xbmc/addons/Scraper.o
CPP     xbmc/dialogs/GUIDialogGamepad.o
CPP     xbmc/epg/Epg.o
CPP     xbmc/dialogs/GUIDialogKaiToast.o
CPP     xbmc/dialogs/GUIDialogKeyboardGeneric.o
CPP     xbmc/epg/EpgContainer.o
CPP     xbmc/dialogs/GUIDialogMediaFilter.o
CPP     xbmc/addons/ScreenSaver.o
CPP     xbmc/epg/EpgDatabase.o
CPP     xbmc/addons/Service.o
CPP     xbmc/epg/GUIEPGGridContainer.o
CPP     xbmc/dialogs/GUIDialogMediaSource.o
CPP     xbmc/addons/Skin.o
CPP     xbmc/dialogs/GUIDialogMuteBug.o
CPP     xbmc/dialogs/GUIDialogNumeric.o
AR      xbmc/epg/epg.a
CPP     xbmc/filesystem/MusicDatabaseDirectory/DirectoryNode.o
CPP     xbmc/addons/Visualisation.o
CPP     xbmc/filesystem/MusicDatabaseDirectory/DirectoryNodeAlbum.o
CPP     xbmc/dialogs/GUIDialogOK.o
CPP     xbmc/filesystem/MusicDatabaseDirectory/DirectoryNodeAlbumCompilations.o
CPP     xbmc/dialogs/GUIDialogPlayEject.o
CPP     xbmc/filesystem/MusicDatabaseDirectory/DirectoryNodeAlbumCompilationsSongs.o
CPP     xbmc/filesystem/MusicDatabaseDirectory/DirectoryNodeAlbumRecentlyAdded.o
CPP     xbmc/dialogs/GUIDialogPlayerControls.o
AR      xbmc/addons/addons.a
CPP     xbmc/filesystem/VideoDatabaseDirectory/DirectoryNode.o
CPP     xbmc/filesystem/MusicDatabaseDirectory/DirectoryNodeAlbumRecentlyAddedSong.o
CPP     xbmc/dialogs/GUIDialogProgress.o
CPP     xbmc/filesystem/MusicDatabaseDirectory/DirectoryNodeAlbumRecentlyPlayed.o
CPP     xbmc/dialogs/GUIDialogSeekBar.o
CPP     xbmc/filesystem/MusicDatabaseDirectory/DirectoryNodeAlbumRecentlyPlayedSong.o
CPP     xbmc/filesystem/VideoDatabaseDirectory/DirectoryNodeEpisodes.o
CPP     xbmc/dialogs/GUIDialogSelect.o
CPP     xbmc/filesystem/MusicDatabaseDirectory/DirectoryNodeAlbumTop100.o
CPP     xbmc/filesystem/VideoDatabaseDirectory/DirectoryNodeGrouped.o
CPP     xbmc/dialogs/GUIDialogSlider.o
CPP     xbmc/filesystem/MusicDatabaseDirectory/DirectoryNodeAlbumTop100Song.o
CPP     xbmc/filesystem/VideoDatabaseDirectory/DirectoryNodeMoviesOverview.o
CPP     xbmc/dialogs/GUIDialogSmartPlaylistEditor.o
CPP     xbmc/filesystem/MusicDatabaseDirectory/DirectoryNodeArtist.o
CPP     xbmc/filesystem/VideoDatabaseDirectory/DirectoryNodeMusicVideosOverview.o
CPP     xbmc/filesystem/MusicDatabaseDirectory/DirectoryNodeGrouped.o
CPP     xbmc/filesystem/VideoDatabaseDirectory/DirectoryNodeOverview.o
CPP     xbmc/filesystem/MusicDatabaseDirectory/DirectoryNodeOverview.o
CPP     xbmc/filesystem/VideoDatabaseDirectory/DirectoryNodeRecentlyAddedEpisodes.o
CPP     xbmc/filesystem/MusicDatabaseDirectory/DirectoryNodeRoot.o
CPP     xbmc/dialogs/GUIDialogSmartPlaylistRule.o
CPP     xbmc/filesystem/MusicDatabaseDirectory/DirectoryNodeSingles.o
CPP     xbmc/filesystem/VideoDatabaseDirectory/DirectoryNodeRecentlyAddedMovies.o
CPP     xbmc/filesystem/MusicDatabaseDirectory/DirectoryNodeSong.o
CPP     xbmc/filesystem/VideoDatabaseDirectory/DirectoryNodeRecentlyAddedMusicVideos.o
CPP     xbmc/filesystem/MusicDatabaseDirectory/DirectoryNodeSongTop100.o
CPP     xbmc/filesystem/VideoDatabaseDirectory/DirectoryNodeRoot.o
CPP     xbmc/filesystem/VideoDatabaseDirectory/DirectoryNodeSeasons.o
CPP     xbmc/filesystem/MusicDatabaseDirectory/DirectoryNodeTop100.o
CPP     xbmc/dialogs/GUIDialogSubMenu.o
CPP     xbmc/filesystem/MusicDatabaseDirectory/DirectoryNodeYearAlbum.o
CPP     xbmc/filesystem/VideoDatabaseDirectory/DirectoryNodeTitleMovies.o
CPP     xbmc/dialogs/GUIDialogTextViewer.o
CPP     xbmc/filesystem/MusicDatabaseDirectory/DirectoryNodeYearSong.o
CPP     xbmc/filesystem/VideoDatabaseDirectory/DirectoryNodeTitleMusicVideos.o
CPP     xbmc/dialogs/GUIDialogVolumeBar.o
CPP     xbmc/filesystem/MusicDatabaseDirectory/QueryParams.o
AR      xbmc/filesystem/MusicDatabaseDirectory/musicdatabasedirectory.a
CPP     xbmc/filesystem/AddonsDirectory.o
CPP     xbmc/filesystem/VideoDatabaseDirectory/DirectoryNodeTitleTvShows.o
CPP     xbmc/dialogs/GUIDialogYesNo.o
CPP     xbmc/filesystem/VideoDatabaseDirectory/DirectoryNodeTvShowsOverview.o
AR      xbmc/dialogs/dialogs.a
CPP     xbmc/input/ButtonTranslator.o
CPP     xbmc/filesystem/VideoDatabaseDirectory/QueryParams.o
AR      xbmc/filesystem/VideoDatabaseDirectory/videodatabasedirectory.a
CPP     xbmc/interfaces/generic/LanguageInvokerThread.o
CPP     xbmc/filesystem/ASAPFileDirectory.o
CPP     xbmc/interfaces/generic/ScriptInvocationManager.o
CPP     xbmc/filesystem/CacheStrategy.o
CPP     xbmc/filesystem/CircularCache.o
CPP     xbmc/input/InertialScrollingHandler.o
CPP     xbmc/filesystem/CDDADirectory.o
AR      xbmc/interfaces/generic/interfaces-generic.a
CPP     xbmc/interfaces/info/InfoBool.o
CPP     xbmc/filesystem/CDDAFile.o
CPP     xbmc/input/KeyboardLayoutConfiguration.o
CPP     xbmc/interfaces/info/SkinVariable.o
CPP     xbmc/filesystem/CurlFile.o
CPP     xbmc/input/KeyboardStat.o
AR      xbmc/interfaces/info/info.a
CPP     xbmc/interfaces/AnnouncementManager.o
CPP     xbmc/input/MouseStat.o
CPP     xbmc/input/SDLJoystick.o
CPP     xbmc/interfaces/Builtins.o
CPP     xbmc/input/XBMC_keytable.o
CPP     xbmc/filesystem/DAAPDirectory.o
AR      xbmc/input/input.a
CPP     xbmc/interfaces/json-rpc/AddonsOperations.o
CPP     xbmc/filesystem/DAAPFile.o
CPP     xbmc/interfaces/json-rpc/ApplicationOperations.o
CPP     xbmc/filesystem/DAVCommon.o
CPP     xbmc/filesystem/DAVDirectory.o
CPP     xbmc/interfaces/json-rpc/AudioLibrary.o
AR      xbmc/interfaces/interfaces.a
CPP     xbmc/music/dialogs/GUIDialogMusicInfo.o
CPP     xbmc/filesystem/DAVFile.o
CPP     xbmc/filesystem/Directory.o
CPP     xbmc/filesystem/DirectoryCache.o
CPP     xbmc/interfaces/json-rpc/FavouritesOperations.o
CPP     xbmc/music/dialogs/GUIDialogMusicOSD.o
CPP     xbmc/filesystem/DirectoryFactory.o
CPP     xbmc/music/dialogs/GUIDialogMusicOverlay.o
CPP     xbmc/music/dialogs/GUIDialogSongInfo.o
CPP     xbmc/filesystem/DirectoryHistory.o
CPP     xbmc/interfaces/json-rpc/FileItemHandler.o
CPP     xbmc/filesystem/DllLibCurl.o
CPP     xbmc/music/dialogs/GUIDialogVisualisationPresetList.o
CPP     xbmc/filesystem/FavouritesDirectory.o
CPP     xbmc/interfaces/json-rpc/FileOperations.o
AR      xbmc/music/dialogs/musicdialogs.a
CPP     xbmc/music/infoscanner/MusicAlbumInfo.o
CPP     xbmc/filesystem/File.o
CPP     xbmc/filesystem/FileCache.o
CPP     xbmc/interfaces/json-rpc/GUIOperations.o
CPP     xbmc/music/infoscanner/MusicArtistInfo.o
CPP     xbmc/filesystem/FileDirectoryFactory.o
CPP     xbmc/music/infoscanner/MusicInfoScanner.o
CPP     xbmc/interfaces/json-rpc/InputOperations.o
CPP     xbmc/filesystem/FileFactory.o
CPP     xbmc/interfaces/json-rpc/JSONRPC.o
CPP     xbmc/filesystem/FileReaderFile.o
CPP     xbmc/filesystem/FTPDirectory.o
CPP     xbmc/filesystem/FTPParse.o
CPP     xbmc/interfaces/json-rpc/JSONServiceDescription.o
CPP     xbmc/filesystem/HDDirectory.o
CPP     xbmc/filesystem/HDFile.o
CPP     xbmc/music/infoscanner/MusicInfoScraper.o
CPP     xbmc/filesystem/HDHomeRunDirectory.o
CPP     xbmc/filesystem/HDHomeRunFile.o
CPP     xbmc/filesystem/HTSPDirectory.o
AR      xbmc/music/infoscanner/musicscanner.a
CPP     xbmc/music/karaoke/GUIDialogKaraokeSongSelector.o
CPP     xbmc/music/karaoke/GUIWindowKaraokeLyrics.o
CPP     xbmc/interfaces/json-rpc/PlayerOperations.o
CPP     xbmc/filesystem/HTSPSession.o
CPP     xbmc/music/karaoke/karaokelyrics.o
CPP     xbmc/music/karaoke/karaokelyricscdg.o
CPP     xbmc/filesystem/HTTPDirectory.o
CPP     xbmc/interfaces/json-rpc/PlaylistOperations.o
CPP     xbmc/music/karaoke/karaokelyricsfactory.o
CPP     xbmc/filesystem/HTTPFile.o
CPP     xbmc/music/karaoke/karaokelyricsmanager.o
CPP     xbmc/filesystem/IDirectory.o
CPP     xbmc/interfaces/json-rpc/ProfilesOperations.o
CPP     xbmc/music/karaoke/karaokelyricstext.o
CPP     xbmc/filesystem/IFile.o
CPP     xbmc/filesystem/ImageFile.o
CPP     xbmc/filesystem/iso9660.o
CPP     xbmc/interfaces/json-rpc/PVROperations.o
CPP     xbmc/music/karaoke/karaokelyricstextkar.o
CPP     xbmc/filesystem/ISO9660Directory.o
CPP     xbmc/music/karaoke/karaokelyricstextlrc.o
CPP     xbmc/filesystem/ISOFile.o
CPP     xbmc/interfaces/json-rpc/SystemOperations.o
CPP     xbmc/filesystem/LibraryDirectory.o
CPP     xbmc/music/karaoke/karaokelyricstextustar.o
CPP     xbmc/interfaces/json-rpc/TextureOperations.o
CPP     xbmc/music/karaoke/karaokevideobackground.o
CPP     xbmc/filesystem/MemBufferCache.o
CPP     xbmc/interfaces/json-rpc/VideoLibrary.o
CPP     xbmc/music/karaoke/karaokewindowbackground.o
CPP     xbmc/filesystem/MultiPathDirectory.o
AR      xbmc/music/karaoke/karaoke.a
CPP     xbmc/music/Album.o
CPP     xbmc/filesystem/MultiPathFile.o
CPP     xbmc/filesystem/MusicDatabaseDirectory.o
CPP     xbmc/music/Artist.o
CPP     xbmc/filesystem/MusicDatabaseFile.o
CPP     xbmc/interfaces/json-rpc/XBMCOperations.o
CPP     xbmc/filesystem/MusicFileDirectory.o
CPP     xbmc/music/GUIViewStateMusic.o
CPP     xbmc/filesystem/MusicSearchDirectory.o
AR      xbmc/interfaces/json-rpc/json-rpc.a
CPP     xbmc/music/tags/MusicInfoTag.o
CPP     xbmc/filesystem/MythDirectory.o
CPP     xbmc/music/MusicDatabase.o
CPP     xbmc/music/tags/MusicInfoTagLoaderASAP.o
CPP     xbmc/music/tags/MusicInfoTagLoaderCDDA.o
CPP     xbmc/filesystem/MythFile.o
CPP     xbmc/music/tags/MusicInfoTagLoaderDatabase.o
CPP     xbmc/filesystem/MythSession.o
CPP     xbmc/music/tags/MusicInfoTagLoaderFactory.o
CPP     xbmc/music/tags/MusicInfoTagLoaderMidi.o
CPP     xbmc/music/tags/MusicInfoTagLoaderNSF.o
CPP     xbmc/music/tags/MusicInfoTagLoaderShn.o
CPP     xbmc/filesystem/NSFFileDirectory.o
CPP     xbmc/music/tags/MusicInfoTagLoaderSPC.o
CPP     xbmc/filesystem/OGGFileDirectory.o
CPP     xbmc/music/tags/MusicInfoTagLoaderWav.o
CPP     xbmc/filesystem/PlaylistDirectory.o
CPP     xbmc/music/tags/MusicInfoTagLoaderYM.o
CPP     xbmc/filesystem/PlaylistFileDirectory.o
CPP     xbmc/music/tags/TagLoaderTagLib.o
CPP     xbmc/filesystem/PipeFile.o
CPP     xbmc/filesystem/PipesManager.o
CPP     xbmc/filesystem/PluginDirectory.o
CPP     xbmc/music/tags/TagLibVFSStream.o
AR      xbmc/music/tags/musictags.a
CPP     xbmc/music/windows/GUIWindowMusicBase.o
CPP     xbmc/filesystem/PVRFile.o
CPP     xbmc/filesystem/PVRDirectory.o
CPP     xbmc/music/windows/GUIWindowMusicNav.o
CPP     xbmc/music/MusicDbUrl.o
CPP     xbmc/music/MusicInfoLoader.o
CPP     xbmc/filesystem/RSSDirectory.o
CPP     xbmc/music/windows/GUIWindowMusicPlaylist.o
CPP     xbmc/music/MusicThumbLoader.o
CPP     xbmc/filesystem/RTVDirectory.o
CPP     xbmc/music/Song.o
CPP     xbmc/filesystem/RTVFile.o
CPP     xbmc/music/windows/GUIWindowMusicPlaylistEditor.o
CPP     xbmc/filesystem/SAPDirectory.o
AR      xbmc/music/music.a
CPP     xbmc/network/websocket/WebSocket.o
CPP     xbmc/network/websocket/WebSocketManager.o
CPP     xbmc/network/websocket/WebSocketV8.o
CPP     xbmc/music/windows/GUIWindowMusicSongs.o
CPP     xbmc/filesystem/SAPFile.o
CPP     xbmc/filesystem/SFTPDirectory.o
CPP     xbmc/network/websocket/WebSocketV13.o
CPP     xbmc/music/windows/GUIWindowVisualisation.o
CPP     xbmc/filesystem/SFTPFile.o
AR      xbmc/network/websocket/websocket.a
CPP     xbmc/peripherals/bus/PeripheralBus.o
AR      xbmc/music/windows/musicwindows.a
CPP     xbmc/peripherals/devices/Peripheral.o
CPP     xbmc/peripherals/bus/linux/PeripheralBusUSBLibUdev.o
CPP     xbmc/filesystem/SIDFileDirectory.o
CPP     xbmc/peripherals/bus/virtual/PeripheralBusCEC.o
CPP     xbmc/peripherals/devices/PeripheralBluetooth.o
CPP     xbmc/filesystem/ShoutcastFile.o
CPP     xbmc/peripherals/devices/PeripheralDisk.o
CPP     xbmc/peripherals/devices/PeripheralHID.o
AR      xbmc/peripherals/bus/peripheral-bus.a
CPP     xbmc/peripherals/dialogs/GUIDialogPeripheralSettings.o
CPP     xbmc/filesystem/SlingboxDirectory.o
CPP     xbmc/peripherals/devices/PeripheralImon.o
CPP     xbmc/filesystem/SlingboxFile.o
CPP     xbmc/peripherals/devices/PeripheralNIC.o
CPP     xbmc/peripherals/devices/PeripheralNyxboard.o
CPP     xbmc/filesystem/SmartPlaylistDirectory.o
CPP     xbmc/peripherals/dialogs/GUIDialogPeripheralManager.o
CPP     xbmc/peripherals/devices/PeripheralTuner.o
CPP     xbmc/peripherals/devices/PeripheralCecAdapter.o
AR      xbmc/peripherals/dialogs/peripheral-dialogs.a
CPP     xbmc/peripherals/Peripherals.o
CPP     xbmc/filesystem/SourcesDirectory.o
CPP     xbmc/filesystem/SpecialProtocol.o
AR      xbmc/peripherals/devices/peripheral-devices.a
CPP     xbmc/pictures/GUIDialogPictureInfo.o
AR      xbmc/peripherals/peripherals.a
CPP     xbmc/playlists/PlayListB4S.o
CPP     xbmc/pictures/GUIViewStatePictures.o
CPP     xbmc/filesystem/SpecialProtocolDirectory.o
CPP     xbmc/playlists/PlayList.o
CPP     xbmc/filesystem/SpecialProtocolFile.o
CPP     xbmc/pictures/GUIWindowPictures.o
CPP     xbmc/filesystem/StackDirectory.o
CPP     xbmc/playlists/PlayListFactory.o
CPP     xbmc/filesystem/TuxBoxDirectory.o
CPP     xbmc/pictures/GUIWindowSlideShow.o
CPP     xbmc/playlists/PlayListM3U.o
CPP     xbmc/filesystem/TuxBoxFile.o
CPP     xbmc/filesystem/udf25.o
CPP     xbmc/playlists/PlayListPLS.o
CPP     xbmc/pictures/Picture.o
CPP     xbmc/filesystem/UDFDirectory.o
CPP     xbmc/filesystem/UDFFile.o
CPP     xbmc/filesystem/VideoDatabaseDirectory.o
CPP     xbmc/pictures/PictureInfoLoader.o
CPP     xbmc/playlists/PlayListURL.o
CPP     xbmc/pictures/PictureInfoTag.o
CPP     xbmc/playlists/PlayListWPL.o
CPP     xbmc/filesystem/VirtualDirectory.o
CPP     xbmc/playlists/PlayListXML.o
CPP     xbmc/filesystem/VTPDirectory.o
CPP     xbmc/pictures/PictureThumbLoader.o
CPP     xbmc/playlists/SmartPlayList.o
CPP     xbmc/filesystem/VTPFile.o
CPP     xbmc/filesystem/VTPSession.o
CPP     xbmc/pictures/SlideShowPicture.o
CPP     xbmc/filesystem/ZeroconfDirectory.o
AR      xbmc/pictures/pictures.a
CPP     xbmc/powermanagement/DPMSSupport.o
CPP     xbmc/filesystem/ZipDirectory.o
CPP     xbmc/powermanagement/PowerManager.o
CPP     xbmc/playlists/SmartPlaylistFileItemListModifier.o
CPP     xbmc/filesystem/ZipFile.o
AR      xbmc/playlists/playlists.a
CPP     xbmc/profiles/Profile.o
AR      xbmc/powermanagement/powermanagement.a
CPP     xbmc/profiles/dialogs/GUIDialogLockSettings.o
CPP     xbmc/filesystem/ZipManager.o
CPP     xbmc/profiles/ProfilesManager.o
CPP     xbmc/profiles/dialogs/GUIDialogProfileSettings.o
CPP     xbmc/filesystem/RarFile.o
AR      xbmc/profiles/profiles.a
CPP     xbmc/profiles/windows/GUIWindowSettingsProfile.o
CPP     xbmc/filesystem/RarDirectory.o
AR      xbmc/profiles/dialogs/profiles_dialogs.a
CPP     xbmc/programs/GUIViewStatePrograms.o
AR      xbmc/profiles/windows/profiles_windows.a
CPP     xbmc/pvr/channels/PVRChannel.o
CPP     xbmc/filesystem/RarManager.o
CPP     xbmc/programs/GUIWindowPrograms.o
AR      xbmc/programs/programs.a
CPP     xbmc/pvr/dialogs/GUIDialogPVRChannelManager.o
CPP     xbmc/pvr/channels/PVRChannelGroup.o
CPP     xbmc/filesystem/SmbFile.o
CPP     xbmc/filesystem/SMBDirectory.o
CPP     xbmc/pvr/dialogs/GUIDialogPVRChannelsOSD.o
CPP     xbmc/pvr/channels/PVRChannelGroupInternal.o
CPP     xbmc/filesystem/NFSFile.o
CPP     xbmc/pvr/dialogs/GUIDialogPVRCutterOSD.o
CPP     xbmc/pvr/dialogs/GUIDialogPVRDirectorOSD.o
CPP     xbmc/pvr/channels/PVRChannelGroups.o
CPP     xbmc/pvr/dialogs/GUIDialogPVRGroupManager.o
CPP     xbmc/filesystem/NFSDirectory.o
CPP     xbmc/filesystem/AFPFile.o
CPP     xbmc/pvr/dialogs/GUIDialogPVRGuideInfo.o
CPP     xbmc/pvr/channels/PVRChannelGroupsContainer.o
CPP     xbmc/pvr/dialogs/GUIDialogPVRGuideOSD.o
CPP     xbmc/filesystem/AFPDirectory.o
CPP     xbmc/pvr/dialogs/GUIDialogPVRGuideSearch.o
AR      xbmc/pvr/channels/pvrchannels.a
CPP     xbmc/pvr/PVRGUIInfo.o
CPP     xbmc/filesystem/BlurayDirectory.o
CPP     xbmc/pvr/dialogs/GUIDialogPVRRecordingInfo.o
CPP     xbmc/filesystem/NptXbmcFile.o
CPP     xbmc/pvr/PVRManager.o
CPP     xbmc/pvr/dialogs/GUIDialogPVRTimerSettings.o
CPP     xbmc/filesystem/UPnPDirectory.o
AR      xbmc/pvr/dialogs/pvrdialogs.a
CPP     xbmc/pvr/recordings/PVRRecording.o
CPP     xbmc/filesystem/UPnPFile.o
CPP     xbmc/pvr/PVRDatabase.o
AR      xbmc/filesystem/filesystem.a
CPP     xbmc/pvr/timers/PVRTimerInfoTag.o
CPP     xbmc/pvr/recordings/PVRRecordings.o
CPP     xbmc/pvr/timers/PVRTimers.o
AR      xbmc/pvr/pvr.a
CPP     xbmc/rendering/RenderSystem.o
AR      xbmc/rendering/rendering.a
CPP     xbmc/settings/dialogs/GUIDialogContentSettings.o
AR      xbmc/pvr/recordings/pvrrecordings.a
CPP     xbmc/settings/windows/GUIControlSettings.o
AR      xbmc/pvr/timers/pvrtimers.a
CPP     xbmc/storage/AutorunMediaJob.o
CPP     xbmc/settings/windows/GUIWindowSettings.o
CPP     xbmc/settings/dialogs/GUIDialogSettings.o
CPP     xbmc/storage/cdioSupport.o
CPP     xbmc/settings/windows/GUIWindowSettingsCategory.o
CPP     xbmc/storage/DetectDVDType.o
AR      xbmc/settings/dialogs/settings_dialogs.a
CPP     xbmc/video/dialogs/GUIDialogAudioSubtitleSettings.o
CPP     xbmc/settings/windows/GUIWindowSettingsScreenCalibration.o
CPP     xbmc/storage/IoSupport.o
CPP     xbmc/storage/MediaManager.o
CPP     xbmc/settings/windows/GUIWindowTestPattern.o
CPP     xbmc/video/dialogs/GUIDialogFileStacking.o
AR      xbmc/settings/windows/settings_windows.a
CPP     xbmc/view/GUIViewControl.o
CPP     xbmc/video/dialogs/GUIDialogFullScreenInfo.o
AR      xbmc/storage/storage.a
CPP     xbmc/windowing/WinEventsSDL.o
CPP     xbmc/windowing/WinEventsLinux.o
CPP     xbmc/video/dialogs/GUIDialogTeletext.o
CPP     xbmc/view/GUIViewState.o
CPP     xbmc/windowing/WinEventsWayland.o
CPP     xbmc/windowing/WinSystem.o
CPP     xbmc/video/dialogs/GUIDialogVideoBookmarks.o
CPP     xbmc/windowing/WinEvents.o
AR      xbmc/windowing/windowing.a
CPP     xbmc/windows/GUIMediaWindow.o
CPP     xbmc/view/ViewDatabase.o
CPP     xbmc/video/dialogs/GUIDialogVideoInfo.o
CPP     xbmc/view/ViewStateSettings.o
AR      xbmc/view/view.a
CPP     xbmc/Application.o
CPP     xbmc/windows/GUIWindowDebugInfo.o
CPP     xbmc/windows/GUIWindowFileManager.o
CPP     xbmc/video/dialogs/GUIDialogVideoOSD.o
CPP     xbmc/video/dialogs/GUIDialogVideoOverlay.o
CPP     xbmc/video/dialogs/GUIDialogVideoSettings.o
CPP     xbmc/windows/GUIWindowHome.o
AR      xbmc/video/dialogs/videodialogs.a
CPP     xbmc/network/httprequesthandler/HTTPImageHandler.o
CPP     xbmc/network/httprequesthandler/HTTPJsonRpcHandler.o
CPP     xbmc/windows/GUIWindowLoginScreen.o
CPP     xbmc/ApplicationMessenger.o
CPP     xbmc/network/httprequesthandler/HTTPVfsHandler.o
CPP     xbmc/network/httprequesthandler/HTTPWebinterfaceAddonsHandler.o
CPP     xbmc/windows/GUIWindowPointer.o
CPP     xbmc/windows/GUIWindowScreensaver.o
CPP     xbmc/network/httprequesthandler/HTTPWebinterfaceHandler.o
CPP     xbmc/network/httprequesthandler/IHTTPRequestHandler.o
AR      xbmc/network/httprequesthandler/httprequesthandlers.a
CPP     xbmc/interfaces/legacy/Addon.o
CPP     xbmc/windows/GUIWindowScreensaverDim.o
CPP     xbmc/ApplicationPlayer.o
CPP     xbmc/windows/GUIWindowStartup.o
CPP     xbmc/windows/GUIWindowSystemInfo.o
CPP     xbmc/interfaces/legacy/AddonCallback.o
CPP     xbmc/interfaces/legacy/AddonClass.o
CPP     xbmc/interfaces/legacy/AddonUtils.o
CPP     xbmc/windows/GUIWindowWeather.o
CPP     xbmc/AppParamParser.o
CPP     xbmc/interfaces/legacy/CallbackFunction.o
CPP     xbmc/interfaces/legacy/CallbackHandler.o
CPP     xbmc/interfaces/legacy/Control.o
CPP     xbmc/Autorun.o
AR      xbmc/windows/windows.a
CPP     xbmc/interfaces/python/AddonPythonInvoker.o
CPP     xbmc/interfaces/python/CallbackHandler.o
CPP     xbmc/interfaces/python/LanguageHook.o
CPP     xbmc/AutoSwitch.o
CPP     xbmc/interfaces/python/PythonInvoker.o
CPP     xbmc/interfaces/legacy/Dialog.o
CPP     xbmc/BackgroundInfoLoader.o
CPP     xbmc/CueDocument.o
CPP     xbmc/interfaces/python/XBPython.o
CPP     xbmc/interfaces/legacy/File.o
CPP     xbmc/interfaces/legacy/InfoTagMusic.o
CPP     xbmc/interfaces/legacy/InfoTagVideo.o
CPP     xbmc/interfaces/python/swig.o
CPP     xbmc/DatabaseManager.o
CPP     xbmc/interfaces/legacy/Keyboard.o
CPP     xbmc/interfaces/python/PyContext.o
CPP     xbmc/interfaces/python//opt/xbmc-Gotham/xbmc/interfaces/python/generated/AddonModuleXbmc.o
CPP     xbmc/interfaces/legacy/LanguageHook.o
CPP     xbmc/DbUrl.o
CPP     xbmc/interfaces/legacy/ListItem.o
CPP     xbmc/DynamicDll.o
CPP     xbmc/FileItem.o
CPP     xbmc/interfaces/legacy/ModuleXbmc.o
CPP     xbmc/interfaces/legacy/ModuleXbmcgui.o
CPP     xbmc/interfaces/python//opt/xbmc-Gotham/xbmc/interfaces/python/generated/AddonModuleXbmcgui.o
CPP     xbmc/interfaces/legacy/ModuleXbmcplugin.o
CPP     xbmc/interfaces/legacy/ModuleXbmcvfs.o
CPP     xbmc/interfaces/legacy/Monitor.o
CPP     xbmc/interfaces/legacy/Player.o
CPP     xbmc/FileItemListModification.o
CPP     xbmc/GitRevision.o
CPP     xbmc/GUIInfoManager.o
CPP     xbmc/interfaces/legacy/PlayList.o
CPP     xbmc/interfaces/legacy/String.o
CPP     xbmc/interfaces/legacy/Window.o
CPP     xbmc/interfaces/python//opt/xbmc-Gotham/xbmc/interfaces/python/generated/AddonModuleXbmcplugin.o
CPP     xbmc/interfaces/legacy/WindowDialog.o
CPP     xbmc/interfaces/legacy/WindowDialogMixin.o
CPP     xbmc/interfaces/python//opt/xbmc-Gotham/xbmc/interfaces/python/generated/AddonModuleXbmcaddon.o
CPP     xbmc/interfaces/python//opt/xbmc-Gotham/xbmc/interfaces/python/generated/AddonModuleXbmcvfs.o
CPP     xbmc/interfaces/legacy/WindowXML.o
CPP     xbmc/GUILargeTextureManager.o
AR      xbmc/interfaces/python/python_binding.a
CPP     xbmc/rendering/gles/RenderSystemGLES.o
AR      xbmc/interfaces/legacy/legacy.a
CPP     xbmc/windowing/egl/WinSystemEGL.o
CPP     xbmc/GUIPassword.o
AR      xbmc/rendering/gles/rendering_gles.a
CPP     xbmc/visualizations/EGLHelpers/VisGUIShader.o
CPP     xbmc/visualizations/EGLHelpers/VisMatrixGLES.o
CPP     xbmc/visualizations/EGLHelpers/VisShader.o
CPP     xbmc/windowing/egl/EGLNativeTypeAmlogic.o
AR      xbmc/visualizations/EGLHelpers/eglhelpers.a
CPP     lib/libUPnP/Platinum/Source/Core/PltAction.o
CPP     xbmc/LangInfo.o
CPP     lib/libUPnP/Platinum/Source/Core/PltArgument.o
CPP     xbmc/windowing/egl/EGLNativeTypeAndroid.o
CPP     lib/libUPnP/Platinum/Source/Core/PltConstants.o
CPP     lib/libUPnP/Platinum/Source/Core/PltCtrlPoint.o
CPP     xbmc/windowing/egl/EGLNativeTypeRaspberryPI.o
CPP     xbmc/MediaSource.o
CPP     lib/libUPnP/Platinum/Source/Core/PltCtrlPointTask.o
CPP     xbmc/windowing/egl/EGLNativeTypeWayland.o
CPP     lib/libUPnP/Platinum/Source/Core/PltDatagramStream.o
CPP     xbmc/windowing/egl/EGLWrapper.o
CPP     lib/libUPnP/Platinum/Source/Core/PltDeviceData.o
AR      xbmc/windowing/egl/windowing_egl.a
CPP     xbmc/network/upnp/UPnP.o
CPP     xbmc/NfoFile.o
CPP     lib/libUPnP/Platinum/Source/Core/PltDeviceHost.o
CPP     xbmc/PasswordManager.o
CPP     xbmc/network/upnp/UPnPInternal.o
CPP     lib/libUPnP/Platinum/Source/Core/PltEvent.o
CPP     lib/libUPnP/Platinum/Source/Core/PltHttp.o
CPP     lib/libUPnP/Platinum/Source/Core/PltHttpClientTask.o
CPP     xbmc/PlayListPlayer.o
CPP     lib/libUPnP/Platinum/Source/Core/PltHttpServer.o
CPP     lib/libUPnP/Platinum/Source/Core/PltHttpServerTask.o
CPP     lib/libUPnP/Platinum/Source/Core/PltIconsData.o
CPP     lib/libUPnP/Platinum/Source/Core/PltMimeType.o
CPP     lib/libUPnP/Platinum/Source/Core/PltProtocolInfo.o
CPP     xbmc/network/upnp/UPnPPlayer.o
CPP     xbmc/PartyModeManager.o
CPP     lib/libUPnP/Platinum/Source/Core/PltService.o
CPP     lib/libUPnP/Platinum/Source/Core/PltSsdp.o
CPP     xbmc/network/upnp/UPnPRenderer.o
CPP     xbmc/SectionLoader.o
CPP     lib/libUPnP/Platinum/Source/Core/PltStateVariable.o
CPP     xbmc/SystemGlobals.o
CPP     lib/libUPnP/Platinum/Source/Core/PltTaskManager.o
CPP     lib/libUPnP/Platinum/Source/Core/PltThreadTask.o
CPP     lib/libUPnP/Platinum/Source/Core/PltUPnP.o
CPP     xbmc/network/upnp/UPnPServer.o
CPP     lib/libUPnP/Platinum/Source/Devices/MediaServer/PltDidl.o
CPP     lib/libUPnP/Platinum/Source/Devices/MediaServer/PltFileMediaServer.o
CPP     xbmc/Temperature.o
CPP     xbmc/TextureCache.o
CPP     lib/libUPnP/Platinum/Source/Devices/MediaServer/PltMediaBrowser.o
CPP     xbmc/TextureCacheJob.o
CPP     lib/libUPnP/Platinum/Source/Devices/MediaServer/PltMediaCache.o
CPP     lib/libUPnP/Platinum/Source/Devices/MediaServer/PltMediaItem.o
CPP     xbmc/network/upnp/UPnPSettings.o
AR      xbmc/network/upnp/upnp.a
CPP     xbmc/input/linux/LIRC.o
CPP     xbmc/TextureDatabase.o
CPP     xbmc/input/linux/LinuxInputDevices.o
AR      xbmc/input/linux/input_linux.a
CPP     xbmc/network/linux/NetworkLinux.o
CPP     lib/libUPnP/Platinum/Source/Devices/MediaServer/PltMediaServer.o
CPP     lib/libUPnP/Platinum/Source/Devices/MediaServer/ConnectionManagerSCPD.o
CPP     lib/libUPnP/Platinum/Source/Devices/MediaServer/ContentDirectorySCPD.o
CPP     lib/libUPnP/Platinum/Source/Devices/MediaServer/ContentDirectorywSearchSCPD.o
CPP     lib/libUPnP/Platinum/Source/Devices/MediaServer/PltSyncMediaBrowser.o
CPP     xbmc/ThumbLoader.o
CPP     xbmc/ThumbnailCache.o
CPP     xbmc/network/linux/ZeroconfAvahi.o
CPP     lib/libUPnP/Neptune/Source/Core/Neptune.o
CPP     xbmc/URL.o
CPP     lib/libUPnP/Neptune/Source/Core/NptBase64.o
CPP     lib/libUPnP/Neptune/Source/Core/NptBufferedStreams.o
CPP     lib/libUPnP/Neptune/Source/Core/NptCommon.o
CPP     lib/libUPnP/Neptune/Source/Core/NptDataBuffer.o
CPP     lib/libUPnP/Neptune/Source/Core/NptDebug.o
CPP     lib/libUPnP/Neptune/Source/Core/NptFile.o
CPP     xbmc/network/linux/ZeroconfBrowserAvahi.o
CPP     lib/libUPnP/Neptune/Source/Core/NptHash.o
CPP     lib/libUPnP/Neptune/Source/Core/NptHttp.o
CPP     xbmc/Util.o
AR      xbmc/network/linux/network_linux.a
CPP     xbmc/powermanagement/linux/ConsoleDeviceKitPowerSyscall.o
CPP     xbmc/powermanagement/linux/ConsoleUPowerSyscall.o
CPP     lib/libUPnP/Neptune/Source/Core/NptList.o
CPP     lib/libUPnP/Neptune/Source/Core/NptMessaging.o
CPP     lib/libUPnP/Neptune/Source/Core/NptNetwork.o
CPP     lib/libUPnP/Neptune/Source/Core/NptQueue.o
CPP     lib/libUPnP/Neptune/Source/Core/NptRingBuffer.o
CPP     xbmc/powermanagement/linux/HALPowerSyscall.o
CPP     lib/libUPnP/Neptune/Source/Core/NptSimpleMessageQueue.o
CPP     lib/libUPnP/Neptune/Source/Core/NptSockets.o
CPP     xbmc/powermanagement/linux/UPowerSyscall.o
CPP     lib/libUPnP/Neptune/Source/Core/NptStreams.o
CPP     lib/libUPnP/Neptune/Source/Core/NptStrings.o
CPP     xbmc/powermanagement/linux/LogindUPowerSyscall.o
CPP     lib/libUPnP/Neptune/Source/Core/NptSystem.o
CPP     lib/libUPnP/Neptune/Source/Core/NptThreads.o
AR      xbmc/powermanagement/linux/powermanagement_linux.a
CPP     xbmc/storage/linux/DeviceKitDisksProvider.o
CPP     lib/libUPnP/Neptune/Source/Core/NptTime.o
CPP     lib/libUPnP/Neptune/Source/Core/NptUri.o
CPP     xbmc/XBApplicationEx.o
CPP     lib/libUPnP/Neptune/Source/Core/NptUtils.o
CPP     xbmc/XBDateTime.o
CPP     lib/libUPnP/Neptune/Source/Core/NptXml.o
CPP     xbmc/storage/linux/UDisksProvider.o
CPP     lib/libUPnP/Neptune/Source/System/Bsd/NptBsdSockets.o
CPP     xbmc/xbmc.o
CPP     lib/libUPnP/Neptune/Source/System/Bsd/NptBsdNetwork.o
CPP     lib/libUPnP/Neptune/Source/System/Posix/NptPosixSystem.o
CPP     xbmc/XbmcContext.o
CPP     lib/libUPnP/Neptune/Source/System/Posix/NptSelectableMessageQueue.o
CPP     lib/libUPnP/Neptune/Source/System/Posix/NptPosixQueue.o
CPP     xbmc/storage/linux/HALProvider.o
AR      xbmc/xbmc.a
CPP     lib/libUPnP/Neptune/Source/System/Posix/NptPosixThreads.o
CPP     xbmc/windowing/X11/WinSystemX11.o
CPP     xbmc/windowing/X11/WinSystemX11GL.o
CPP     xbmc/windowing/X11/WinSystemX11GLES.o
CPP     xbmc/windowing/X11/XRandR.o
AR      xbmc/windowing/X11/windowing_X11.a
CPP     lib/UnrarXLib/archive.o
CPP     lib/libUPnP/Neptune/Source/System/Posix/NptPosixTime.o
CPP     lib/libUPnP/Neptune/Source/System/StdC/NptStdcDebug.o
CPP     lib/libUPnP/Neptune/Source/System/StdC/NptStdcEnvironment.o
CPP     lib/UnrarXLib/arcread.o
CPP     lib/libUPnP/Platinum/Source/Devices/MediaRenderer/PltMediaRenderer.o
CPP     xbmc/storage/linux/UDevProvider.o
CPP     lib/UnrarXLib/cmddata.o
CPP     lib/libUPnP/Platinum/Source/Devices/MediaRenderer/PltMediaController.o
CPP     lib/UnrarXLib/consio.o
CPP     lib/UnrarXLib/crc.o
AR      xbmc/storage/linux/storage_linux.a
CPP     xbmc/cores/omxplayer/OMXPlayer.o
CPP     lib/UnrarXLib/crypt.o
CPP     lib/UnrarXLib/encname.o
CPP     lib/UnrarXLib/errhnd.o
CPP     lib/UnrarXLib/extinfo.o
CPP     lib/UnrarXLib/extract.o
CPP     lib/libUPnP/Platinum/Source/Devices/MediaRenderer/AVTransportSCPD.o
CPP     lib/libUPnP/Platinum/Source/Devices/MediaRenderer/RdrConnectionManagerSCPD.o
CPP     lib/libUPnP/Platinum/Source/Devices/MediaRenderer/RenderingControlSCPD.o
CPP     lib/libUPnP/Platinum/Source/Devices/MediaConnect/X_MS_MediaReceiverRegistrarSCPD.o
CPP     lib/libUPnP/Platinum/Source/Devices/MediaConnect/PltMediaConnect.o
CPP     lib/libUPnP/Neptune/Source/System/Posix/NptPosixEnvironment.o
CPP     lib/UnrarXLib/filcreat.o
AR      lib/libUPnP/libupnp.a
CPP     xbmc/linux/ConvUtils.o
CPP     lib/UnrarXLib/file.o
CPP     xbmc/linux/DBusUtil.o
CPP     xbmc/linux/DBusMessage.o
CPP     lib/UnrarXLib/filefn.o
CPP     lib/UnrarXLib/filestr.o
CPP     xbmc/linux/DBusReserve.o
CPP     lib/UnrarXLib/find.o
CPP     lib/UnrarXLib/getbits.o
CPP     lib/UnrarXLib/global.o
CPP     lib/UnrarXLib/int64.o
CPP     xbmc/linux/HALManager.o
CPP     lib/UnrarXLib/isnt.o
CPP     lib/UnrarXLib/log.o
CPP     lib/UnrarXLib/match.o
CPP     lib/UnrarXLib/options.o
CPP     lib/UnrarXLib/pathfn.o
CPP     lib/UnrarXLib/rar.o
CPP     xbmc/linux/LinuxResourceCounter.o
CPP     xbmc/cores/omxplayer/OMXAudio.o
CPP     xbmc/linux/LinuxTimezone.o
CPP     lib/UnrarXLib/rarvm.o
CPP     lib/UnrarXLib/rawread.o
CPP     lib/UnrarXLib/rdwrfn.o
CPP     lib/UnrarXLib/recvol.o
CPP     xbmc/cores/omxplayer/OMXVideo.o
CPP     xbmc/linux/PosixMountProvider.o
CPP     lib/UnrarXLib/resource.o
CPP     lib/UnrarXLib/rijndael.o
CPP     xbmc/cores/omxplayer/OMXAudioCodecOMX.o
CPP     lib/UnrarXLib/rs.o
CPP     xbmc/linux/XFileUtils.o
CPP     lib/UnrarXLib/savepos.o
CPP     lib/UnrarXLib/scantree.o
CPP     lib/UnrarXLib/sha1.o
CPP     xbmc/cores/omxplayer/OMXPlayerAudio.o
CPP     lib/UnrarXLib/strfn.o
CPP     xbmc/linux/XHandle.o
CPP     lib/UnrarXLib/strlist.o
CPP     lib/UnrarXLib/system.o
CPP     xbmc/linux/XMemUtils.o
CPP     lib/UnrarXLib/timefn.o
CPP     xbmc/linux/XTimeUtils.o
CPP     lib/UnrarXLib/ulinks.o
CPP     xbmc/cores/omxplayer/OMXPlayerVideo.o
CPP     xbmc/linux/RBP.o
CPP     lib/UnrarXLib/unicode.o
CPP     lib/UnrarXLib/unpack.o
CPP     xbmc/linux/OMXClock.o
CPP     xbmc/linux/OMXCore.o
CPP     xbmc/cores/omxplayer/OMXImage.o
CPP     lib/UnrarXLib/volume.o
AR      lib/UnrarXLib/UnrarXLib.a
CPP     xbmc/network/cddb.o
AR      xbmc/linux/linux.a
CPP     xbmc/video/windows/GUIWindowFullScreen.o
CPP     xbmc/cores/omxplayer/PCMRemap.o
AR      xbmc/cores/omxplayer/omxplayer.a
CPP     xbmc/utils/AlarmClock.o
CPP     xbmc/network/DNSNameCache.o
CPP     xbmc/video/windows/GUIWindowVideoBase.o
CPP     xbmc/network/EventClient.o
CPP     xbmc/utils/AliasShortcutUtils.o
CPP     xbmc/utils/Archive.o
CPP     xbmc/utils/AsyncFileCopy.o
CPP     xbmc/utils/AutoPtrHandle.o
CPP     xbmc/utils/Base64.o
CPP     xbmc/network/EventPacket.o
CPP     xbmc/utils/BitstreamConverter.o
CPP     xbmc/network/EventServer.o
CPP     xbmc/utils/BitstreamStats.o
CPP     xbmc/network/GUIDialogAccessPoints.o
CPP     xbmc/utils/BooleanLogic.o
CPP     xbmc/video/windows/GUIWindowVideoNav.o
CPP     xbmc/network/GUIDialogNetworkSetup.o
CPP     xbmc/utils/CharsetConverter.o
CPP     xbmc/network/Network.o
CPP     xbmc/network/NetworkServices.o
CPP     xbmc/utils/CharsetDetection.o
CPP     xbmc/utils/CPUInfo.o
CPP     xbmc/video/windows/GUIWindowVideoPlaylist.o
CPP     xbmc/network/Socket.o
CPP     xbmc/utils/Crc32.o
CPP     xbmc/network/TCPServer.o
CPP     xbmc/utils/CryptThreading.o
CPP     xbmc/utils/DatabaseUtils.o
AR      xbmc/video/windows/videowindows.a
CPP     xbmc/settings/AdvancedSettings.o
CPP     xbmc/network/UdpClient.o
CPP     xbmc/utils/EndianSwap.o
CPP     xbmc/utils/EdenVideoArtUpdater.o
CPP     xbmc/network/WakeOnAccess.o
CPP     xbmc/settings/DisplaySettings.o
CPP     xbmc/network/WebServer.o
CPP     xbmc/utils/Environment.o
CPP     xbmc/utils/Fanart.o
CPP     xbmc/settings/ISetting.o
CPP     xbmc/utils/FileOperationJob.o
CPP     xbmc/settings/ISettingControl.o
CPP     xbmc/network/ZeroconfBrowser.o
CPP     xbmc/settings/MediaSettings.o
CPP     xbmc/network/Zeroconf.o
CPP     xbmc/network/AirPlayServer.o
CPP     xbmc/utils/FileUtils.o
CPP     xbmc/settings/MediaSourceSettings.o
CPP     xbmc/utils/fft.o
CPP     xbmc/utils/GLUtils.o
AR      xbmc/network/network.a
CPP     xbmc/video/Bookmark.o
CPP     xbmc/utils/GroupUtils.o
CPP     xbmc/settings/Setting.o
CPP     xbmc/video/FFmpegVideoDecoder.o
CPP     xbmc/utils/HTMLTable.o
CPP     xbmc/video/GUIViewStateVideo.o
CPP     xbmc/utils/HTMLUtil.o
CPP     xbmc/settings/SettingAddon.o
CPP     xbmc/utils/HttpHeader.o
CPP     xbmc/settings/SettingCategoryAccess.o
CPP     xbmc/utils/HttpParser.o
CPP     xbmc/utils/HttpResponse.o
CPP     xbmc/settings/SettingConditions.o
CPP     xbmc/video/PlayerController.o
CPP     xbmc/utils/InfoLoader.o
CPP     xbmc/utils/JobManager.o
CPP     xbmc/settings/SettingControl.o
CPP     xbmc/video/Teletext.o
CPP     xbmc/settings/SettingDependency.o
CPP     xbmc/utils/JSONVariantParser.o
CPP     xbmc/utils/JSONVariantWriter.o
CPP     xbmc/settings/SettingPath.o
CPP     xbmc/utils/LabelFormatter.o
CPP     xbmc/settings/SettingSection.o
CPP     xbmc/video/VideoDatabase.o
CPP     xbmc/utils/LangCodeExpander.o
CPP     xbmc/settings/Settings.o
CPP     xbmc/utils/LegacyPathTranslation.o
CPP     xbmc/utils/log.o
CPP     xbmc/utils/md5.o
CPP     xbmc/utils/Mime.o
CPP     xbmc/settings/SettingsManager.o
SettingsManager.cpp: In member function 'void CSettingsManager::UnregisterSettingsHandler(ISettingsHandler*)':
SettingsManager.cpp:343:32: error: no matching function for call to 'std::vector<ISettingsHandler*>::erase(std::vector<ISettingsHandler*>::const_iterator&)'
SettingsManager.cpp:343:32: note: candidates are:
In file included from /toolchain/arm-bcm2708hardfp-linux-gnueabi/bin/../lib/gcc/arm-bcm2708hardfp-linux-gnueabi/4.7.1/../../../../arm-bcm2708hardfp-linux-gnueabi/include/c++/4.7.1/vector:70:0,
                 from SettingsManager.h:24,
                 from SettingsManager.cpp:21:
/toolchain/arm-bcm2708hardfp-linux-gnueabi/bin/../lib/gcc/arm-bcm2708hardfp-linux-gnueabi/4.7.1/../../../../arm-bcm2708hardfp-linux-gnueabi/include/c++/4.7.1/bits/vector.tcc:135:5: note: std::vector<_Tp, _Alloc>::iterator std::vector<_Tp, _Alloc>::erase(std::vector<_Tp, _Alloc>::iterator) [with _Tp = ISettingsHandler*; _Alloc = std::allocator<ISettingsHandler*>; std::vector<_Tp, _Alloc>::iterator = __gnu_cxx::__normal_iterator<ISettingsHandler**, std::vector<ISettingsHandler*> >; typename std::_Vector_base<_Tp, _Alloc>::pointer = ISettingsHandler**]
/toolchain/arm-bcm2708hardfp-linux-gnueabi/bin/../lib/gcc/arm-bcm2708hardfp-linux-gnueabi/4.7.1/../../../../arm-bcm2708hardfp-linux-gnueabi/include/c++/4.7.1/bits/vector.tcc:135:5: note:   no known conversion for argument 1 from 'std::vector<ISettingsHandler*>::const_iterator {aka __gnu_cxx::__normal_iterator<ISettingsHandler* const*, std::vector<ISettingsHandler*> >}' to 'std::vector<ISettingsHandler*>::iterator {aka __gnu_cxx::__normal_iterator<ISettingsHandler**, std::vector<ISettingsHandler*> >}'
/toolchain/arm-bcm2708hardfp-linux-gnueabi/bin/../lib/gcc/arm-bcm2708hardfp-linux-gnueabi/4.7.1/../../../../arm-bcm2708hardfp-linux-gnueabi/include/c++/4.7.1/bits/vector.tcc:147:5: note: std::vector<_Tp, _Alloc>::iterator std::vector<_Tp, _Alloc>::erase(std::vector<_Tp, _Alloc>::iterator, std::vector<_Tp, _Alloc>::iterator) [with _Tp = ISettingsHandler*; _Alloc = std::allocator<ISettingsHandler*>; std::vector<_Tp, _Alloc>::iterator = __gnu_cxx::__normal_iterator<ISettingsHandler**, std::vector<ISettingsHandler*> >; typename std::_Vector_base<_Tp, _Alloc>::pointer = ISettingsHandler**]
/toolchain/arm-bcm2708hardfp-linux-gnueabi/bin/../lib/gcc/arm-bcm2708hardfp-linux-gnueabi/4.7.1/../../../../arm-bcm2708hardfp-linux-gnueabi/include/c++/4.7.1/bits/vector.tcc:147:5: note:   candidate expects 2 arguments, 1 provided
make[1]: *** [SettingsManager.o] Error 1
make: *** [xbmc/settings/settings.a] Error 2
make: *** Waiting for unfinished jobs....
CPP     xbmc/utils/Observer.o
CPP     xbmc/utils/PerformanceSample.o
CPP     xbmc/utils/PerformanceStats.o
CPP     xbmc/utils/POUtils.o
CPP     xbmc/utils/RecentlyAddedJob.o
CPP     xbmc/utils/RegExp.o
CPP     xbmc/utils/RingBuffer.o
CPP     xbmc/utils/RssManager.o
CPP     xbmc/utils/RssReader.o
CPP     xbmc/utils/ScraperParser.o
CPP     xbmc/utils/ScraperUrl.o
CPP     xbmc/utils/Screenshot.o
CPP     xbmc/video/VideoDbUrl.o
CPP     xbmc/video/VideoInfoDownloader.o
CPP     xbmc/utils/SeekHandler.o
CPP     xbmc/utils/SortUtils.o
CPP     xbmc/video/VideoInfoScanner.o
CPP     xbmc/video/VideoInfoTag.o
CPP     xbmc/utils/Splash.o
CPP     xbmc/video/VideoReferenceClock.o
CPP     xbmc/utils/Stopwatch.o
CPP     xbmc/utils/StreamDetails.o
CPP     xbmc/video/VideoThumbLoader.o
CPP     xbmc/utils/StreamUtils.o
CPP     xbmc/utils/StringUtils.o
CPP     xbmc/utils/StringValidation.o
CPP     xbmc/utils/SystemInfo.o
CPP     xbmc/utils/TextSearch.o
AR      xbmc/video/video.a
CPP     xbmc/utils/TimeSmoother.o
CPP     xbmc/utils/TimeUtils.o
CPP     xbmc/utils/TuxBoxUtil.o
CPP     xbmc/utils/URIUtils.o
CPP     xbmc/utils/UrlOptions.o
CPP     xbmc/utils/Variant.o
CPP     xbmc/utils/Vector.o
CPP     xbmc/utils/Weather.o
CPP     xbmc/utils/XBMCTinyXML.o
XBMCTinyXML.cpp: In member function 'bool CXBMCTinyXML::LoadFile(FILE*, TiXmlEncoding)':
XBMCTinyXML.cpp:106:35: warning: NULL used in arithmetic [-Wpointer-arith]
CPP     xbmc/utils/XMLUtils.o
CPP     xbmc/utils/ActorProtocol.o
CPP     xbmc/utils/AMLUtils.o
CC      xbmc/utils/fastmemcpy.o
CC      xbmc/utils/fstrcmp.o
CC      xbmc/utils/fastmemcpy-arm.o
AR      xbmc/utils/utils.a
